Added file: README darkmode.html
Darkmode/lightmode file detected - unwatching
Added file: README darkmode.pdf
Added file: README lightmode.html
Added file: README lightmode.pdf
Added file: README.html
Added file: README.md
Added file: dark-mode-ignore.md
Added file: Stonks 101/README.md
Added file: Stonks 101/Семинар 1 1.09.2025.md
Added file: Г - лоГика/README darkmode.html
Added file: Г - лоГика/README darkmode.pdf
Added file: Г - лоГика/README lightmode.html
Added file: Г - лоГика/README lightmode.pdf
Added file: Г - лоГика/README.html
Added file: Г - лоГика/README.md
Added file: Г - лоГика/Лекция 1 1.09.2025 darkmode.html
Added file: Г - лоГика/Лекция 1 1.09.2025 darkmode.pdf
Added file: Г - лоГика/Лекция 1 1.09.2025 lightmode.html
Added file: Г - лоГика/Лекция 1 1.09.2025 lightmode.pdf
Added file: Г - лоГика/Лекция 1 1.09.2025.html
Added file: Г - лоГика/Лекция 1 1.09.2025.md
Added file: Г - лоГика/Семинар 1 1.09.2025 darkmode.html
Added file: Г - лоГика/Семинар 1 1.09.2025 darkmode.pdf
Added file: Г - лоГика/Семинар 1 1.09.2025 lightmode.html
Added file: Г - лоГика/Семинар 1 1.09.2025 lightmode.pdf
Added file: Предпринимашки в ИТ/README darkmode.html
Added file: Предпринимашки в ИТ/README darkmode.pdf
Added file: Предпринимашки в ИТ/README lightmode.html
Added file: Предпринимашки в ИТ/README lightmode.pdf
Added file: Предпринимашки в ИТ/README.html
Added file: Предпринимашки в ИТ/README.md
Added file: Системный анализ/README darkmode.html
Added file: Системный анализ/README darkmode.pdf
Added file: Системный анализ/README lightmode.html
Added file: Системный анализ/README lightmode.pdf
Added file: Системный анализ/README.html
Added file: Системный анализ/README.md
Added file: Системный анализ/Лекция 1 5.09.2025 darkmode.html
Added file: Системный анализ/Лекция 1 5.09.2025 darkmode.pdf
Added file: Системный анализ/Лекция 1 5.09.2025 lightmode.html
Added file: Системный анализ/Лекция 1 5.09.2025 lightmode.pdf
Added file: Системный анализ/Лекция 1 5.09.2025.html
Added file: Системный анализ/Лекция 1 5.09.2025.md
Added file: Шарпы/README darkmode.html
Added file: Шарпы/README darkmode.pdf
Added file: Шарпы/README lightmode.html
Added file: Шарпы/README lightmode.pdf
Added file: Шарпы/README.html
Added file: Шарпы/README.md
Added file: Маршрутка/README darkmode.html
Added file: Маршрутка/README darkmode.pdf
Added file: Маршрутка/README lightmode.html
Added file: Маршрутка/README lightmode.pdf
Added file: Маршрутка/README.html
Added file: Маршрутка/README.md
Added file: Маршрутка/Семинар 1 3.09.2025 darkmode.html
Added file: Маршрутка/Семинар 1 3.09.2025 darkmode.pdf
Added file: Маршрутка/Семинар 1 3.09.2025 lightmode.html
Added file: Маршрутка/Семинар 1 3.09.2025 lightmode.pdf
Added file: Маршрутка/Семинар 1 3.09.2025.html
Added file: Маршрутка/Семинар 1 3.09.2025.md
Added file: ЭВМ/README darkmode.html
Added file: ЭВМ/README darkmode.pdf
Added file: ЭВМ/README lightmode.html
Added file: ЭВМ/README lightmode.pdf
Added file: ЭВМ/README.html
Added file: ЭВМ/README.md
Added file: Экология/README darkmode.html
Added file: Экология/README darkmode.pdf
Added file: Экология/README lightmode.html
Added file: Экология/README lightmode.pdf
Added file: Экология/README.html
Added file: Экология/README.md
Added file: Экология/Лекция 1 1.09.2025 darkmode.html
Added file: Экология/Лекция 1 1.09.2025 darkmode.pdf
Added file: Экология/Лекция 1 1.09.2025 lightmode.html
Added file: Экология/Лекция 1 1.09.2025 lightmode.pdf
Added file: Экология/Лекция 1 1.09.2025.html
Added file: Экология/Лекция 1 1.09.2025.md
Added file: Экология/Семинар 1 3.09.2025 darkmode.html
Added file: Экология/Семинар 1 3.09.2025 darkmode.pdf
Added file: Экология/Семинар 1 3.09.2025 lightmode.html
Added file: Г - лоГика/Семинар 1 1.09.2025.html
Added file: Г - лоГика/Семинар 1 1.09.2025.md
Added file: Экология/Семинар 1 3.09.2025 lightmode.pdf
Added file: Экология/Семинар 1 3.09.2025.html
Added file: Экология/Семинар 1 3.09.2025.md
Added file: Stonks 101/Пикчи/Pasted image 20250830033907 darkmode.png
Added file: Stonks 101/Пикчи/Pasted image 20250830033907.png
Added file: Маршрутка/Пикчи/er_min.jpg
Added file: Экология/Пикчи/Pasted image 20250903094517 darkmode.png
Added file: Экология/Пикчи/Pasted image 20250903094517.png
Darkmode/lightmode file detected - unwatching
Darkmode/lightmode file detected - unwatching
Darkmode/lightmode file detected - unwatching
.html or .pdf of .gif file detected - unwatchingConverting README.md to html
Converting README.md to pdf
Converting Stonks 101/README.md to html
Converting Stonks 101/README.md to pdf
Converting Stonks 101/Семинар 1 1.09.2025.md to html
Converting Stonks 101/Семинар 1 1.09.2025.md to pdf
Darkmode/lightmode file detected - unwatching
Darkmode/lightmode file detected - unwatching
Darkmode/lightmode file detected - unwatching
Darkmode/lightmode file detected - unwatching
.html or .pdf of .gif file detected - unwatchingConverting Г - лоГика/README.md to html
Converting Г - лоГика/README.md to pdf
Darkmode/lightmode file detected - unwatching
Darkmode/lightmode file detected - unwatching
Darkmode/lightmode file detected - unwatching
Darkmode/lightmode file detected - unwatching
.html or .pdf of .gif file detected - unwatchingConverting Г - лоГика/Лекция 1 1.09.2025.md to html
Converting Г - лоГика/Лекция 1 1.09.2025.md to pdf
Darkmode/lightmode file detected - unwatching
Darkmode/lightmode file detected - unwatching
Darkmode/lightmode file detected - unwatching
Darkmode/lightmode file detected - unwatching
Darkmode/lightmode file detected - unwatching
Darkmode/lightmode file detected - unwatching
Darkmode/lightmode file detected - unwatching
Darkmode/lightmode file detected - unwatching
.html or .pdf of .gif file detected - unwatchingAdded file: Stonks 101/README darkmode.pdf
Added file: Stonks 101/README darkmode.html
Added file: Stonks 101/README lightmode.pdf
Added file: Stonks 101/README.html
Added file: Stonks 101/README lightmode.html
Added file: Stonks 101/Семинар 1 1.09.2025 darkmode.html
Added file: Stonks 101/Семинар 1 1.09.2025.html
Added file: Stonks 101/Семинар 1 1.09.2025 lightmode.html
Converting Предпринимашки в ИТ/README.md to html
Converting Предпринимашки в ИТ/README.md to pdf
Darkmode/lightmode file detected - unwatching
Darkmode/lightmode file detected - unwatching
Darkmode/lightmode file detected - unwatching
Darkmode/lightmode file detected - unwatching
.html or .pdf of .gif file detected - unwatchingConverting Системный анализ/README.md to html
Converting Системный анализ/README.md to pdf
Darkmode/lightmode file detected - unwatching
Darkmode/lightmode file detected - unwatching
Darkmode/lightmode file detected - unwatching
Darkmode/lightmode file detected - unwatching
.html or .pdf of .gif file detected - unwatchingConverting Системный анализ/Лекция 1 5.09.2025.md to html
Converting Системный анализ/Лекция 1 5.09.2025.md to pdf
Darkmode/lightmode file detected - unwatching
Darkmode/lightmode file detected - unwatching
Added file: Stonks 101/Семинар 1 1.09.2025 darkmode.pdf
Added file: Stonks 101/Семинар 1 1.09.2025 lightmode.pdf
Darkmode/lightmode file detected - unwatching
Darkmode/lightmode file detected - unwatching
.html or .pdf of .gif file detected - unwatchingConverting Шарпы/README.md to html
Converting Шарпы/README.md to pdf
Darkmode/lightmode file detected - unwatching
Darkmode/lightmode file detected - unwatching
Darkmode/lightmode file detected - unwatching
Darkmode/lightmode file detected - unwatching
.html or .pdf of .gif file detected - unwatchingConverting Маршрутка/README.md to html
Converting Маршрутка/README.md to pdf
Darkmode/lightmode file detected - unwatching
Darkmode/lightmode file detected - unwatching
Darkmode/lightmode file detected - unwatching
Darkmode/lightmode file detected - unwatching
.html or .pdf of .gif file detected - unwatchingConverting Маршрутка/Семинар 1 3.09.2025.md to html
Converting Маршрутка/Семинар 1 3.09.2025.md to pdf
Darkmode/lightmode file detected - unwatching
Darkmode/lightmode file detected - unwatching
Darkmode/lightmode file detected - unwatching
Darkmode/lightmode file detected - unwatching
.html or .pdf of .gif file detected - unwatchingConverting ЭВМ/README.md to html
Converting ЭВМ/README.md to pdf
Darkmode/lightmode file detected - unwatching
Darkmode/lightmode file detected - unwatching
Darkmode/lightmode file detected - unwatching
Darkmode/lightmode file detected - unwatching
.html or .pdf of .gif file detected - unwatchingConverting Экология/README.md to html
Converting Экология/README.md to pdf
Darkmode/lightmode file detected - unwatching
Darkmode/lightmode file detected - unwatching
Darkmode/lightmode file detected - unwatching
Darkmode/lightmode file detected - unwatching
.html or .pdf of .gif file detected - unwatchingConverting Экология/Лекция 1 1.09.2025.md to html
Converting Экология/Лекция 1 1.09.2025.md to pdf
Darkmode/lightmode file detected - unwatching
Darkmode/lightmode file detected - unwatching
Darkmode/lightmode file detected - unwatching
.html or .pdf of .gif file detected - unwatchingConverting Г - лоГика/Семинар 1 1.09.2025.md to html
Converting Г - лоГика/Семинар 1 1.09.2025.md to pdf
Darkmode/lightmode file detected - unwatching
.html or .pdf of .gif file detected - unwatchingConverting Экология/Семинар 1 3.09.2025.md to html
Converting Экология/Семинар 1 3.09.2025.md to pdf
Darkmode/lightmode file detected - unwatching
Converting file Stonks 101/Пикчи/Pasted image 20250830033907.png
Ignoring file Маршрутка/Пикчи/er_min.jpg: in ignore file, unwatching
Darkmode/lightmode file detected - unwatching
Converting file Экология/Пикчи/Pasted image 20250903094517.png
Darkmode/lightmode file detected - unwatching
Darkmode/lightmode file detected - unwatching
Darkmode/lightmode file detected - unwatching
.html or .pdf of .gif file detected - unwatchingDarkmode/lightmode file detected - unwatching
Darkmode/lightmode file detected - unwatching
.html or .pdf of .gif file detected - unwatchingDarkmode/lightmode file detected - unwatching
Darkmode/lightmode file detected - unwatching
Darkmode/lightmode file detected - unwatching
