Hash set for README darkmode.html
Hash set for README darkmode.pdf
Hash set for README lightmode.html
Hash set for README lightmode.pdf
Hash set for README.html
Hash set for README.md
Hash set for dark-mode-ignore.md
Hash set for Stonks 101/README.md
Hash set for Stonks 101/Семинар 1 1.09.2025.md
Hash set for Г - лоГика/README darkmode.html
Hash set for Г - лоГика/README darkmode.pdf
Hash set for Г - лоГика/README lightmode.html
Hash set for Г - лоГика/README lightmode.pdf
Hash set for Г - лоГика/README.html
Hash set for Г - лоГика/README.md
Hash set for Г - лоГика/Лекция 1 1.09.2025 darkmode.html
Hash set for Г - лоГика/Лекция 1 1.09.2025 darkmode.pdf
Hash set for Г - лоГика/Лекция 1 1.09.2025 lightmode.html
Hash set for Г - лоГика/Лекция 1 1.09.2025 lightmode.pdf
Hash set for Г - лоГика/Лекция 1 1.09.2025.html
Hash set for Г - лоГика/Лекция 1 1.09.2025.md
Hash set for Г - лоГика/Семинар 1 1.09.2025 darkmode.html
Hash set for Г - лоГика/Семинар 1 1.09.2025 darkmode.pdf
Hash set for Г - лоГика/Семинар 1 1.09.2025 lightmode.html
Hash set for Г - лоГика/Семинар 1 1.09.2025 lightmode.pdf
Hash set for Предпринимашки в ИТ/README darkmode.html
Hash set for Предпринимашки в ИТ/README darkmode.pdf
Hash set for Предпринимашки в ИТ/README lightmode.html
Hash set for Предпринимашки в ИТ/README lightmode.pdf
Hash set for Предпринимашки в ИТ/README.html
Hash set for Предпринимашки в ИТ/README.md
Hash set for Системный анализ/README darkmode.html
Hash set for Системный анализ/README darkmode.pdf
Hash set for Системный анализ/README lightmode.html
Hash set for Системный анализ/README lightmode.pdf
Hash set for Системный анализ/README.html
Hash set for Системный анализ/README.md
Hash set for Системный анализ/Лекция 1 5.09.2025 darkmode.html
Hash set for Системный анализ/Лекция 1 5.09.2025 darkmode.pdf
Hash set for Системный анализ/Лекция 1 5.09.2025 lightmode.html
Hash set for Системный анализ/Лекция 1 5.09.2025 lightmode.pdf
Hash set for Системный анализ/Лекция 1 5.09.2025.html
Hash set for Системный анализ/Лекция 1 5.09.2025.md
Hash set for Шарпы/README darkmode.html
Hash set for Шарпы/README darkmode.pdf
Hash set for Шарпы/README lightmode.html
Hash set for Шарпы/README lightmode.pdf
Hash set for Шарпы/README.html
Hash set for Шарпы/README.md
Hash set for Маршрутка/README darkmode.html
Hash set for Маршрутка/README darkmode.pdf
Hash set for Маршрутка/README lightmode.html
Hash set for Маршрутка/README lightmode.pdf
Hash set for Маршрутка/README.html
Hash set for Маршрутка/README.md
Hash set for Маршрутка/Семинар 1 3.09.2025 darkmode.html
Hash set for Маршрутка/Семинар 1 3.09.2025 darkmode.pdf
Hash set for Маршрутка/Семинар 1 3.09.2025 lightmode.html
Hash set for Маршрутка/Семинар 1 3.09.2025 lightmode.pdf
Hash set for Маршрутка/Семинар 1 3.09.2025.html
Hash set for Маршрутка/Семинар 1 3.09.2025.md
Hash set for ЭВМ/README darkmode.html
Hash set for ЭВМ/README darkmode.pdf
Hash set for ЭВМ/README lightmode.html
Hash set for ЭВМ/README lightmode.pdf
Hash set for ЭВМ/README.html
Hash set for ЭВМ/README.md
Hash set for Экология/README darkmode.html
Hash set for Экология/README darkmode.pdf
Hash set for Экология/README lightmode.html
Hash set for Экология/README lightmode.pdf
Hash set for Экология/README.html
Hash set for Экология/README.md
Hash set for Экология/Лекция 1 1.09.2025 darkmode.html
Hash set for Экология/Лекция 1 1.09.2025 darkmode.pdf
Hash set for Экология/Лекция 1 1.09.2025 lightmode.html
Hash set for Экология/Лекция 1 1.09.2025 lightmode.pdf
Hash set for Экология/Лекция 1 1.09.2025.html
Hash set for Экология/Лекция 1 1.09.2025.md
Hash set for Экология/Семинар 1 3.09.2025 darkmode.html
Hash set for Экология/Семинар 1 3.09.2025 darkmode.pdf
Hash set for Экология/Семинар 1 3.09.2025 lightmode.html
Hash set for Г - лоГика/Семинар 1 1.09.2025.html
Hash set for Г - лоГика/Семинар 1 1.09.2025.md
Hash set for Экология/Семинар 1 3.09.2025 lightmode.pdf
Hash set for Экология/Семинар 1 3.09.2025.html
Hash set for Экология/Семинар 1 3.09.2025.md
Hash set for Stonks 101/Пикчи/Pasted image 20250830033907 darkmode.png
Hash set for Stonks 101/Пикчи/Pasted image 20250830033907.png
Hash set for Маршрутка/Пикчи/er_min.jpg
Hash set for Экология/Пикчи/Pasted image 20250903094517 darkmode.png
Hash set for Экология/Пикчи/Pasted image 20250903094517.png
Hash set for Stonks 101/README darkmode.pdf
Hash set for Stonks 101/README darkmode.html
Hash set for Stonks 101/README lightmode.pdf
Hash set for Stonks 101/README.html
Hash set for Stonks 101/README lightmode.html
Hash set for Stonks 101/Семинар 1 1.09.2025 darkmode.html
Hash set for Stonks 101/Семинар 1 1.09.2025.html
Hash set for Stonks 101/Семинар 1 1.09.2025 lightmode.html
Hash set for Stonks 101/Семинар 1 1.09.2025 darkmode.pdf
Hash set for Stonks 101/Семинар 1 1.09.2025 lightmode.pdf
